#
# There is insufficient memory for the Java Runtime Environment to continue.
# Native memory allocation (malloc) failed to allocate 535760 bytes. Error detail: Chunk::new
# Possible reasons:
#   The system is out of physical RAM or swap space
#   This process is running with CompressedOops enabled, and the Java Heap may be blocking the growth of the native heap
# Possible solutions:
#   Reduce memory load on the system
#   Increase physical memory or swap space
#   Check if swap backing store is full
#   Decrease Java heap size (-Xmx/-Xms)
#   Decrease number of Java threads
#   Decrease Java thread stack sizes (-Xss)
#   Set larger code cache with -XX:ReservedCodeCacheSize=
#   JVM is running with Unscaled Compressed Oops mode in which the Java heap is
#     placed in the first 4GB address space. The Java Heap base address is the
#     maximum limit for the native heap growth. Please use -XX:HeapBaseMinAddress
#     to set the Java Heap base and to place the Java Heap above 4GB virtual address.
# This output file may be truncated or incomplete.
#
#  Out of Memory Error (arena.cpp:150), pid=17996, tid=7356
#
# JRE version: Java(TM) SE Runtime Environment (22.0+36) (build 22+36-2370)
# Java VM: Java HotSpot(TM) 64-Bit Server VM (22+36-2370, mixed mode, sharing, tiered, compressed oops, compressed class ptrs, g1 gc, windows-amd64)
# No core dump will be written. Minidumps are not enabled by default on client versions of Windows
#

---------------  S U M M A R Y ------------

Command Line: -ea -Duser.language=en -Didea.test.cyclic.buffer.size=1048576 -javaagent:C:\Program Files\JetBrains\IntelliJ IDEA Community Edition 2023.3.6\lib\idea_rt.jar=60680:C:\Program Files\JetBrains\IntelliJ IDEA Community Edition 2023.3.6\bin -Dfile.encoding=UTF-8 -Dsun.stdout.encoding=UTF-8 -Dsun.stderr.encoding=UTF-8 com.intellij.rt.testng.RemoteTestNGStarter -usedefaultlisteners false -socket60679 @w@C:\Users\aaa92\AppData\Local\Temp\idea_working_dirs_testng.tmp -temp C:\Users\aaa92\AppData\Local\Temp\idea_testng.tmp

Host: Intel(R) Core(TM) m3-7Y30 CPU @ 1.00GHz, 4 cores, 3G,  Windows 10 , 64 bit Build 19041 (10.0.19041.3636)
Time: Sun May 19 13:24:42 2024 Arab Standard Time elapsed time: 27.257936 seconds (0d 0h 0m 27s)

---------------  T H R E A D  ---------------

Current thread (0x0000029dd0155f20):  JavaThread "C2 CompilerThread0" daemon [_thread_in_native, id=7356, stack(0x000000c29ae00000,0x000000c29af00000) (1024K)]


Current CompileTask:
C2:27258 3253       4       sun.reflect.generics.parser.SignatureParser::parseFieldTypeSignature (73 bytes)

Stack: [0x000000c29ae00000,0x000000c29af00000]
Native frames: (J=compiled Java code, j=interpreted, Vv=VM code, C=native code)
V  [jvm.dll+0x6e2349]  (no source info available)
V  [jvm.dll+0x874ed3]  (no source info available)
V  [jvm.dll+0x8772fe]  (no source info available)
V  [jvm.dll+0x8779d3]  (no source info available)
V  [jvm.dll+0x27fcb6]  (no source info available)
V  [jvm.dll+0xc3d0f]  (no source info available)
V  [jvm.dll+0xc3f6b]  (no source info available)
V  [jvm.dll+0x3bb05c]  (no source info available)
V  [jvm.dll+0x1df50c]  (no source info available)
V  [jvm.dll+0x247a4c]  (no source info available)
V  [jvm.dll+0x246faf]  (no source info available)
V  [jvm.dll+0x1c4e90]  (no source info available)
V  [jvm.dll+0x25699e]  (no source info available)
V  [jvm.dll+0x254c5a]  (no source info available)
V  [jvm.dll+0x3f5426]  (no source info available)
V  [jvm.dll+0x81d50b]  (no source info available)
V  [jvm.dll+0x6e09e5]  (no source info available)
C  [ucrtbase.dll+0x21bb2]  (no source info available)
C  [KERNEL32.DLL+0x17344]  (no source info available)
C  [ntdll.dll+0x526b1]  (no source info available)


---------------  P R O C E S S  ---------------

Threads class SMR info:
_java_thread_list=0x0000029dd6be2280, length=25, elements={
0x0000029ded3650b0, 0x0000029dd013a2a0, 0x0000029dd013d3d0, 0x0000029dd01416d0,
0x0000029dd0142130, 0x0000029dd01434e0, 0x0000029dd01468a0, 0x0000029dd0155f20,
0x0000029dd0159530, 0x0000029dd0337f90, 0x0000029dd04ce620, 0x0000029dd04cec90,
0x0000029dd58cfb20, 0x0000029dd6bede60, 0x0000029dd6beef40, 0x0000029dd5221150,
0x0000029dd5223220, 0x0000029dd5221e70, 0x0000029dd5222500, 0x0000029dd5223f40,
0x0000029dd52245d0, 0x0000029dd52238b0, 0x0000029dd52217e0, 0x0000029dd0371ab0,
0x0000029dd5eea540
}

Java Threads: ( => current thread )
  0x0000029ded3650b0 JavaThread "main"                              [_thread_in_Java, id=8340, stack(0x000000c29a000000,0x000000c29a100000) (1024K)]
  0x0000029dd013a2a0 JavaThread "Reference Handler"          daemon [_thread_blocked, id=15336, stack(0x000000c29a800000,0x000000c29a900000) (1024K)]
  0x0000029dd013d3d0 JavaThread "Finalizer"                  daemon [_thread_blocked, id=3256, stack(0x000000c29a900000,0x000000c29aa00000) (1024K)]
  0x0000029dd01416d0 JavaThread "Signal Dispatcher"          daemon [_thread_blocked, id=14536, stack(0x000000c29aa00000,0x000000c29ab00000) (1024K)]
  0x0000029dd0142130 JavaThread "Attach Listener"            daemon [_thread_blocked, id=8448, stack(0x000000c29ab00000,0x000000c29ac00000) (1024K)]
  0x0000029dd01434e0 JavaThread "Service Thread"             daemon [_thread_blocked, id=10956, stack(0x000000c29ac00000,0x000000c29ad00000) (1024K)]
  0x0000029dd01468a0 JavaThread "Monitor Deflation Thread"   daemon [_thread_blocked, id=2724, stack(0x000000c29ad00000,0x000000c29ae00000) (1024K)]
=>0x0000029dd0155f20 JavaThread "C2 CompilerThread0"         daemon [_thread_in_native, id=7356, stack(0x000000c29ae00000,0x000000c29af00000) (1024K)]
  0x0000029dd0159530 JavaThread "C1 CompilerThread0"         daemon [_thread_in_native, id=2028, stack(0x000000c29af00000,0x000000c29b000000) (1024K)]
  0x0000029dd0337f90 JavaThread "Common-Cleaner"             daemon [_thread_blocked, id=19496, stack(0x000000c29b000000,0x000000c29b100000) (1024K)]
  0x0000029dd04ce620 JavaThread "Monitor Ctrl-Break"         daemon [_thread_in_native, id=19500, stack(0x000000c29b100000,0x000000c29b200000) (1024K)]
  0x0000029dd04cec90 JavaThread "Notification Thread"        daemon [_thread_blocked, id=19504, stack(0x000000c29b200000,0x000000c29b300000) (1024K)]
  0x0000029dd58cfb20 JavaThread "ForkJoinPool.commonPool-worker-1" daemon [_thread_blocked, id=20336, stack(0x000000c29b300000,0x000000c29b400000) (1024K)]
  0x0000029dd6bede60 JavaThread "External Process Output Forwarder - C:\Users\aaa92\.cache\selenium\chromedriver\win64\124.0.6367.207\chromedriver.exe" daemon [_thread_in_native, id=20364, stack(0x000000c29b800000,0x000000c29b900000) (1024K)]
  0x0000029dd6beef40 JavaThread "Driver Service Executor"    daemon [_thread_blocked, id=20348, stack(0x000000c29b900000,0x000000c29ba00000) (1024K)]
  0x0000029dd5221150 JavaThread "Driver Service Executor"    daemon [_thread_blocked, id=20416, stack(0x000000c29ba00000,0x000000c29bb00000) (1024K)]
  0x0000029dd5223220 JavaThread "UrlChecker-2"               daemon [_thread_blocked, id=20408, stack(0x000000c29bb00000,0x000000c29bc00000) (1024K)]
  0x0000029dd5221e70 JavaThread "pool-1-thread-1"                   [_thread_blocked, id=8932, stack(0x000000c29be00000,0x000000c29bf00000) (1024K)]
  0x0000029dd5222500 JavaThread "pool-1-thread-2"                   [_thread_blocked, id=432, stack(0x000000c29bf00000,0x000000c29c000000) (1024K)]
  0x0000029dd5223f40 JavaThread "pool-1-thread-3"                   [_thread_blocked, id=17000, stack(0x000000c29c000000,0x000000c29c100000) (1024K)]
  0x0000029dd52245d0 JavaThread "HttpClient-2-SelectorManager" daemon [_thread_in_native, id=20072, stack(0x000000c29c100000,0x000000c29c200000) (1024K)]
  0x0000029dd52238b0 JavaThread "pool-2-thread-1"                   [_thread_blocked, id=20288, stack(0x000000c29c200000,0x000000c29c300000) (1024K)]
  0x0000029dd52217e0 JavaThread "pool-2-thread-2"                   [_thread_blocked, id=20272, stack(0x000000c29c300000,0x000000c29c400000) (1024K)]
  0x0000029dd0371ab0 JavaThread "pool-2-thread-3"                   [_thread_blocked, id=20268, stack(0x000000c29c400000,0x000000c29c500000) (1024K)]
  0x0000029dd5eea540 JavaThread "C2 CompilerThread1"         daemon [_thread_in_native, id=20216, stack(0x000000c29bd00000,0x000000c29be00000) (1024K)]
Total: 25

Other Threads:
  0x0000029dd011f770 VMThread "VM Thread"                           [id=20476, stack(0x000000c29a700000,0x000000c29a800000) (1024K)]
  0x0000029dd011aa00 WatcherThread "VM Periodic Task Thread"        [id=10544, stack(0x000000c29a600000,0x000000c29a700000) (1024K)]
  0x0000029ded39fe70 WorkerThread "GC Thread#0"                     [id=17964, stack(0x000000c29a100000,0x000000c29a200000) (1024K)]
  0x0000029dd0e6bfe0 WorkerThread "GC Thread#1"                     [id=19604, stack(0x000000c29b400000,0x000000c29b500000) (1024K)]
  0x0000029dd0f0e8e0 WorkerThread "GC Thread#2"                     [id=19536, stack(0x000000c29b500000,0x000000c29b600000) (1024K)]
  0x0000029dd0f0ec90 WorkerThread "GC Thread#3"                     [id=19624, stack(0x000000c29b600000,0x000000c29b700000) (1024K)]
  0x0000029ded3a6bd0 ConcurrentGCThread "G1 Main Marker"            [id=6212, stack(0x000000c29a200000,0x000000c29a300000) (1024K)]
  0x0000029deb20be60 WorkerThread "G1 Conc#0"                       [id=7588, stack(0x000000c29a300000,0x000000c29a400000) (1024K)]
  0x0000029ded3fcdc0 ConcurrentGCThread "G1 Refine#0"               [id=16220, stack(0x000000c29a400000,0x000000c29a500000) (1024K)]
  0x0000029ded3fe860 ConcurrentGCThread "G1 Service"                [id=17812, stack(0x000000c29a500000,0x000000c29a600000) (1024K)]
Total: 10

Threads with active compile tasks:
C2 CompilerThread0  27488 3253       4       sun.reflect.generics.parser.SignatureParser::parseFieldTypeSignature (73 bytes)
C1 CompilerThread0  27489 3373       3       groovy.lang.MetaClassImpl::applyStrayPropertyMethods (288 bytes)
C2 CompilerThread1  27489 3302   !   4       com.sun.beans.TypeResolver::resolve (268 bytes)
Total: 3

VM state: not at safepoint (normal execution)

VM Mutex/Monitor currently owned by a thread: None

Heap address: 0x00000000c2800000, size: 984 MB, Compressed Oops mode: 32-bit

CDS archive(s) mapped at: [0x0000029d8f000000-0x0000029d8fc60000-0x0000029d8fc60000), size 12976128, SharedBaseAddress: 0x0000029d8f000000, ArchiveRelocationMode: 1.
Compressed class space mapped at: 0x0000029d90000000-0x0000029dd0000000, reserved size: 1073741824
Narrow klass base: 0x0000029d8f000000, Narrow klass shift: 0, Narrow klass range: 0x41000000

GC Precious Log:
 CardTable entry size: 512
 Card Set container configuration: InlinePtr #cards 5 size 8 Array Of Cards #cards 12 size 40 Howl #buckets 4 coarsen threshold 1843 Howl Bitmap #cards 512 size 80 coarsen threshold 460 Card regions per heap region 1 cards per card region 2048
 CPUs: 4 total, 4 available
 Memory: 3930M
 Large Page Support: Disabled
 NUMA Support: Disabled
 Compressed Oops: Enabled (32-bit)
 Heap Region Size: 1M
 Heap Min Capacity: 8M
 Heap Initial Capacity: 62M
 Heap Max Capacity: 984M
 Pre-touch: Disabled
 Parallel Workers: 4
 Concurrent Workers: 1
 Concurrent Refinement Workers: 4
 Periodic GC: Disabled

Heap:
 garbage-first heap   total reserved 1007616K, committed 58368K, used 28248K [0x00000000c2800000, 0x0000000100000000)
  region size 1024K, 11 young (11264K), 4 survivors (4096K)
 Metaspace       used 27330K, committed 28032K, reserved 1114112K
  class space    used 3279K, committed 3584K, reserved 1048576K

Heap Regions: E=young(eden), S=young(survivor), O=old, HS=humongous(starts), HC=humongous(continues), CS=collection set, F=free, TAMS=top-at-mark-start, PB=parsable bottom
|   0|0x00000000c2800000, 0x00000000c2900000, 0x00000000c2900000|100%| O|  |TAMS 0x00000000c2800000| PB 0x00000000c2800000| Untracked |  0
|   1|0x00000000c2900000, 0x00000000c2a00000, 0x00000000c2a00000|100%| O|  |TAMS 0x00000000c2900000| PB 0x00000000c2900000| Untracked |  0
|   2|0x00000000c2a00000, 0x00000000c2b00000, 0x00000000c2b00000|100%| O|  |TAMS 0x00000000c2a00000| PB 0x00000000c2a00000| Untracked |  0
|   3|0x00000000c2b00000, 0x00000000c2c00000, 0x00000000c2c00000|100%| O|  |TAMS 0x00000000c2b00000| PB 0x00000000c2b00000| Untracked |  0
|   4|0x00000000c2c00000, 0x00000000c2d00000, 0x00000000c2d00000|100%| O|  |TAMS 0x00000000c2c00000| PB 0x00000000c2c00000| Untracked |  0
|   5|0x00000000c2d00000, 0x00000000c2e00000, 0x00000000c2e00000|100%| O|  |TAMS 0x00000000c2d00000| PB 0x00000000c2d00000| Untracked |  0
|   6|0x00000000c2e00000, 0x00000000c2f00000, 0x00000000c2f00000|100%| O|  |TAMS 0x00000000c2e00000| PB 0x00000000c2e00000| Untracked |  0
|   7|0x00000000c2f00000, 0x00000000c3000000, 0x00000000c3000000|100%| O|  |TAMS 0x00000000c2f00000| PB 0x00000000c2f00000| Untracked |  0
|   8|0x00000000c3000000, 0x00000000c3100000, 0x00000000c3100000|100%| O|  |TAMS 0x00000000c3000000| PB 0x00000000c3000000| Untracked |  0
|   9|0x00000000c3100000, 0x00000000c3127848, 0x00000000c3200000| 15%| O|Cm|TAMS 0x00000000c3100000| PB 0x00000000c3100000| Complete |  0
|  10|0x00000000c3200000, 0x00000000c3300000, 0x00000000c3300000|100%| O|  |TAMS 0x00000000c3200000| PB 0x00000000c3200000| Untracked |  0
|  11|0x00000000c3300000, 0x00000000c3400000, 0x00000000c3400000|100%| O|  |TAMS 0x00000000c3300000| PB 0x00000000c3300000| Untracked |  0
|  12|0x00000000c3400000, 0x00000000c3500000, 0x00000000c3500000|100%| O|  |TAMS 0x00000000c3400000| PB 0x00000000c3400000| Untracked |  0
|  13|0x00000000c3500000, 0x00000000c3600000, 0x00000000c3600000|100%| O|  |TAMS 0x00000000c3500000| PB 0x00000000c3500000| Untracked |  0
|  14|0x00000000c3600000, 0x00000000c3700000, 0x00000000c3700000|100%| O|  |TAMS 0x00000000c3600000| PB 0x00000000c3600000| Untracked |  0
|  15|0x00000000c3700000, 0x00000000c3800000, 0x00000000c3800000|100%| O|  |TAMS 0x00000000c3700000| PB 0x00000000c3700000| Untracked |  0
|  16|0x00000000c3800000, 0x00000000c3900000, 0x00000000c3900000|100%| O|  |TAMS 0x00000000c3800000| PB 0x00000000c3800000| Untracked |  0
|  17|0x00000000c3900000, 0x00000000c3a00000, 0x00000000c3a00000|100%| O|  |TAMS 0x00000000c3900000| PB 0x00000000c3900000| Untracked |  0
|  18|0x00000000c3a00000, 0x00000000c3a6eb80, 0x00000000c3b00000| 43%| O|  |TAMS 0x00000000c3a00000| PB 0x00000000c3a00000| Untracked |  0
|  19|0x00000000c3b00000, 0x00000000c3b00000, 0x00000000c3c00000|  0%| F|  |TAMS 0x00000000c3b00000| PB 0x00000000c3b00000| Untracked |  0
|  20|0x00000000c3c00000, 0x00000000c3c00000, 0x00000000c3d00000|  0%| F|  |TAMS 0x00000000c3c00000| PB 0x00000000c3c00000| Untracked |  0
|  21|0x00000000c3d00000, 0x00000000c3d00000, 0x00000000c3e00000|  0%| F|  |TAMS 0x00000000c3d00000| PB 0x00000000c3d00000| Untracked |  0
|  22|0x00000000c3e00000, 0x00000000c3e00000, 0x00000000c3f00000|  0%| F|  |TAMS 0x00000000c3e00000| PB 0x00000000c3e00000| Untracked |  0
|  23|0x00000000c3f00000, 0x00000000c4000000, 0x00000000c4000000|100%| S|CS|TAMS 0x00000000c3f00000| PB 0x00000000c3f00000| Complete |  0
|  24|0x00000000c4000000, 0x00000000c4100000, 0x00000000c4100000|100%| S|CS|TAMS 0x00000000c4000000| PB 0x00000000c4000000| Complete |  0
|  25|0x00000000c4100000, 0x00000000c4200000, 0x00000000c4200000|100%| S|CS|TAMS 0x00000000c4100000| PB 0x00000000c4100000| Complete |  0
|  26|0x00000000c4200000, 0x00000000c4200000, 0x00000000c4300000|  0%| F|  |TAMS 0x00000000c4200000| PB 0x00000000c4200000| Untracked |  0
|  27|0x00000000c4300000, 0x00000000c4300000, 0x00000000c4400000|  0%| F|  |TAMS 0x00000000c4300000| PB 0x00000000c4300000| Untracked |  0
|  28|0x00000000c4400000, 0x00000000c4400000, 0x00000000c4500000|  0%| F|  |TAMS 0x00000000c4400000| PB 0x00000000c4400000| Untracked |  0
|  29|0x00000000c4500000, 0x00000000c4500000, 0x00000000c4600000|  0%| F|  |TAMS 0x00000000c4500000| PB 0x00000000c4500000| Untracked |  0
|  30|0x00000000c4600000, 0x00000000c4600000, 0x00000000c4700000|  0%| F|  |TAMS 0x00000000c4600000| PB 0x00000000c4600000| Untracked |  0
|  31|0x00000000c4700000, 0x00000000c4800000, 0x00000000c4800000|100%| S|CS|TAMS 0x00000000c4700000| PB 0x00000000c4700000| Complete |  0
|  32|0x00000000c4800000, 0x00000000c4800000, 0x00000000c4900000|  0%| F|  |TAMS 0x00000000c4800000| PB 0x00000000c4800000| Untracked |  0
|  33|0x00000000c4900000, 0x00000000c4900000, 0x00000000c4a00000|  0%| F|  |TAMS 0x00000000c4900000| PB 0x00000000c4900000| Untracked |  0
|  34|0x00000000c4a00000, 0x00000000c4a00000, 0x00000000c4b00000|  0%| F|  |TAMS 0x00000000c4a00000| PB 0x00000000c4a00000| Untracked |  0
|  35|0x00000000c4b00000, 0x00000000c4b00000, 0x00000000c4c00000|  0%| F|  |TAMS 0x00000000c4b00000| PB 0x00000000c4b00000| Untracked |  0
|  36|0x00000000c4c00000, 0x00000000c4c00000, 0x00000000c4d00000|  0%| F|  |TAMS 0x00000000c4c00000| PB 0x00000000c4c00000| Untracked |  0
|  37|0x00000000c4d00000, 0x00000000c4d00000, 0x00000000c4e00000|  0%| F|  |TAMS 0x00000000c4d00000| PB 0x00000000c4d00000| Untracked |  0
|  38|0x00000000c4e00000, 0x00000000c4e00000, 0x00000000c4f00000|  0%| F|  |TAMS 0x00000000c4e00000| PB 0x00000000c4e00000| Untracked |  0
|  39|0x00000000c4f00000, 0x00000000c4f00000, 0x00000000c5000000|  0%| F|  |TAMS 0x00000000c4f00000| PB 0x00000000c4f00000| Untracked |  0
|  40|0x00000000c5000000, 0x00000000c5000000, 0x00000000c5100000|  0%| F|  |TAMS 0x00000000c5000000| PB 0x00000000c5000000| Untracked |  0
|  41|0x00000000c5100000, 0x00000000c5100000, 0x00000000c5200000|  0%| F|  |TAMS 0x00000000c5100000| PB 0x00000000c5100000| Untracked |  0
|  42|0x00000000c5200000, 0x00000000c5200000, 0x00000000c5300000|  0%| F|  |TAMS 0x00000000c5200000| PB 0x00000000c5200000| Untracked |  0
|  43|0x00000000c5300000, 0x00000000c5300000, 0x00000000c5400000|  0%| F|  |TAMS 0x00000000c5300000| PB 0x00000000c5300000| Untracked |  0
|  44|0x00000000c5400000, 0x00000000c5400000, 0x00000000c5500000|  0%| F|  |TAMS 0x00000000c5400000| PB 0x00000000c5400000| Untracked |  0
|  45|0x00000000c5500000, 0x00000000c5500000, 0x00000000c5600000|  0%| F|  |TAMS 0x00000000c5500000| PB 0x00000000c5500000| Untracked |  0
|  46|0x00000000c5600000, 0x00000000c5600000, 0x00000000c5700000|  0%| F|  |TAMS 0x00000000c5600000| PB 0x00000000c5600000| Untracked |  0
|  47|0x00000000c5700000, 0x00000000c5700000, 0x00000000c5800000|  0%| F|  |TAMS 0x00000000c5700000| PB 0x00000000c5700000| Untracked |  0
|  48|0x00000000c5800000, 0x00000000c5800000, 0x00000000c5900000|  0%| F|  |TAMS 0x00000000c5800000| PB 0x00000000c5800000| Untracked |  0
|  49|0x00000000c5900000, 0x00000000c5900000, 0x00000000c5a00000|  0%| F|  |TAMS 0x00000000c5900000| PB 0x00000000c5900000| Untracked |  0
|  50|0x00000000c5a00000, 0x00000000c5a7a6d0, 0x00000000c5b00000| 47%| E|  |TAMS 0x00000000c5a00000| PB 0x00000000c5a00000| Complete |  0
|  51|0x00000000c5b00000, 0x00000000c5c00000, 0x00000000c5c00000|100%| E|CS|TAMS 0x00000000c5b00000| PB 0x00000000c5b00000| Complete |  0
|  52|0x00000000c5c00000, 0x00000000c5d00000, 0x00000000c5d00000|100%| E|CS|TAMS 0x00000000c5c00000| PB 0x00000000c5c00000| Complete |  0
|  53|0x00000000c5d00000, 0x00000000c5e00000, 0x00000000c5e00000|100%| E|CS|TAMS 0x00000000c5d00000| PB 0x00000000c5d00000| Complete |  0
|  54|0x00000000c5e00000, 0x00000000c5f00000, 0x00000000c5f00000|100%| E|CS|TAMS 0x00000000c5e00000| PB 0x00000000c5e00000| Complete |  0
|  60|0x00000000c6400000, 0x00000000c6500000, 0x00000000c6500000|100%| E|CS|TAMS 0x00000000c6400000| PB 0x00000000c6400000| Complete |  0
|  61|0x00000000c6500000, 0x00000000c6600000, 0x00000000c6600000|100%| E|CS|TAMS 0x00000000c6500000| PB 0x00000000c6500000| Complete |  0

Card table byte_map: [0x0000029df5890000,0x0000029df5a80000] _byte_map_base: 0x0000029df527c000

Marking Bits: (CMBitMap*) 0x0000029ded3a0490
 Bits: [0x0000029df5a80000, 0x0000029df69e0000)

Polling page: 0x0000029decb20000

Metaspace:

Usage:
  Non-class:     23.49 MB used.
      Class:      3.21 MB used.
       Both:     26.70 MB used.

Virtual space:
  Non-class space:       64.00 MB reserved,      23.88 MB ( 37%) committed,  1 nodes.
      Class space:        1.00 GB reserved,       3.50 MB ( <1%) committed,  1 nodes.
             Both:        1.06 GB reserved,      27.38 MB (  3%) committed. 

Chunk freelists:
   Non-Class:  8.07 MB
       Class:  12.36 MB
        Both:  20.43 MB

MaxMetaspaceSize: unlimited
CompressedClassSpaceSize: 1.00 GB
Initial GC threshold: 21.00 MB
Current GC threshold: 35.56 MB
CDS: on
 - commit_granule_bytes: 65536.
 - commit_granule_words: 8192.
 - virtual_space_node_default_size: 8388608.
 - enlarge_chunks_in_place: 1.
 - use_allocation_guard: 0.


Internal statistics:

num_allocs_failed_limit: 3.
num_arena_births: 758.
num_arena_deaths: 2.
num_vsnodes_births: 2.
num_vsnodes_deaths: 0.
num_space_committed: 438.
num_space_uncommitted: 0.
num_chunks_returned_to_freelist: 6.
num_chunks_taken_from_freelist: 1618.
num_chunk_merges: 0.
num_chunk_splits: 1014.
num_chunks_enlarged: 607.
num_inconsistent_stats: 0.

CodeHeap 'non-profiled nmethods': size=120000Kb used=1341Kb max_used=1341Kb free=118658Kb
 bounds [0x0000029d87ad0000, 0x0000029d87d40000, 0x0000029d8f000000]
CodeHeap 'profiled nmethods': size=120000Kb used=6457Kb max_used=6457Kb free=113543Kb
 bounds [0x0000029d80000000, 0x0000029d80650000, 0x0000029d87530000]
CodeHeap 'non-nmethods': size=5760Kb used=2732Kb max_used=2770Kb free=3027Kb
 bounds [0x0000029d87530000, 0x0000029d877f0000, 0x0000029d87ad0000]
 total_blobs=4231 nmethods=3368 adapters=766
 compilation: enabled
              stopped_count=0, restarted_count=0
 full_count=0

Compilation events (20 events):
Event: 27.101 Thread 0x0000029dd0159530 nmethod 3291 0x0000029d80613390 code [0x0000029d80613580, 0x0000029d80613c28]
Event: 27.101 Thread 0x0000029dd0159530 3292       3       java.util.stream.Nodes$SpinedNodeBuilder::build (25 bytes)
Event: 27.101 Thread 0x0000029dd0159530 nmethod 3292 0x0000029d80613e10 code [0x0000029d80613fa0, 0x0000029d806140c0]
Event: 27.113 Thread 0x0000029dd0159530 3294       3       java.lang.invoke.LambdaFormEditor::oldSpeciesData (8 bytes)
Event: 27.114 Thread 0x0000029dd0159530 nmethod 3294 0x0000029d80614190 code [0x0000029d80614340, 0x0000029d80614708]
Event: 27.115 Thread 0x0000029dd0159530 3295       3       groovyjarjarasm.asm.SymbolTable::addTypeInternal (85 bytes)
Event: 27.116 Thread 0x0000029dd0159530 nmethod 3295 0x0000029d80614890 code [0x0000029d80614a60, 0x0000029d80615060]
Event: 27.121 Thread 0x0000029dd0159530 3297       1       java.lang.invoke.LambdaForm::arity (5 bytes)
Event: 27.121 Thread 0x0000029dd0159530 nmethod 3297 0x0000029d87c1cd10 code [0x0000029d87c1cea0, 0x0000029d87c1cf68]
Event: 27.122 Thread 0x0000029dd0159530 3298       3       java.lang.invoke.MethodType::invokers (27 bytes)
Event: 27.122 Thread 0x0000029dd0159530 nmethod 3298 0x0000029d80615210 code [0x0000029d806153e0, 0x0000029d80615818]
Event: 27.161 Thread 0x0000029dd5eea540 3299       4       java.lang.PublicMethods$MethodList::merge (192 bytes)
Event: 27.161 Thread 0x0000029dd0159530 3300       3       java.util.regex.Pattern::escape (1306 bytes)
Event: 27.171 Thread 0x0000029dd0159530 nmethod 3300 0x0000029d80615910 code [0x0000029d80616460, 0x0000029d8061cf98]
Event: 27.176 Thread 0x0000029dd5eea540 nmethod 3299 0x0000029d87c1d010 code [0x0000029d87c1d1c0, 0x0000029d87c1d7a0]
Event: 27.177 Thread 0x0000029dd5eea540 3301       4       java.lang.reflect.Method::getGenericParameterTypes (5 bytes)
Event: 27.179 Thread 0x0000029dd0159530 3303       3       java.util.regex.Pattern$SliceNode::<init> (10 bytes)
Event: 27.179 Thread 0x0000029dd0159530 nmethod 3303 0x0000029d8061e610 code [0x0000029d8061e7c0, 0x0000029d8061ea50]
Event: 27.204 Thread 0x0000029dd5eea540 nmethod 3301 0x0000029d87c1da10 code [0x0000029d87c1dc40, 0x0000029d87c1e8d0]
Event: 27.204 Thread 0x0000029dd5eea540 3302   !   4       com.sun.beans.TypeResolver::resolve (268 bytes)

GC Heap History (10 events):
Event: 1.135 GC heap before
{Heap before GC invocations=0 (full 0):
 garbage-first heap   total reserved 1007616K, committed 63488K, used 13312K [0x00000000c2800000, 0x0000000100000000)
  region size 1024K, 14 young (14336K), 0 survivors (0K)
 Metaspace       used 4199K, committed 4352K, reserved 1114112K
  class space    used 444K, committed 512K, reserved 1048576K
}
Event: 1.146 GC heap after
{Heap after GC invocations=1 (full 0):
 garbage-first heap   total reserved 1007616K, committed 63488K, used 7872K [0x00000000c2800000, 0x0000000100000000)
  region size 1024K, 2 young (2048K), 2 survivors (2048K)
 Metaspace       used 4199K, committed 4352K, reserved 1114112K
  class space    used 444K, committed 512K, reserved 1048576K
}
Event: 1.697 GC heap before
{Heap before GC invocations=1 (full 0):
 garbage-first heap   total reserved 1007616K, committed 63488K, used 19136K [0x00000000c2800000, 0x0000000100000000)
  region size 1024K, 13 young (13312K), 2 survivors (2048K)
 Metaspace       used 7166K, committed 7296K, reserved 1114112K
  class space    used 713K, committed 768K, reserved 1048576K
}
Event: 1.705 GC heap after
{Heap after GC invocations=2 (full 0):
 garbage-first heap   total reserved 1007616K, committed 63488K, used 9718K [0x00000000c2800000, 0x0000000100000000)
  region size 1024K, 2 young (2048K), 2 survivors (2048K)
 Metaspace       used 7166K, committed 7296K, reserved 1114112K
  class space    used 713K, committed 768K, reserved 1048576K
}
Event: 2.638 GC heap before
{Heap before GC invocations=2 (full 0):
 garbage-first heap   total reserved 1007616K, committed 63488K, used 31222K [0x00000000c2800000, 0x0000000100000000)
  region size 1024K, 21 young (21504K), 2 survivors (2048K)
 Metaspace       used 12819K, committed 13120K, reserved 1114112K
  class space    used 1409K, committed 1536K, reserved 1048576K
}
Event: 2.649 GC heap after
{Heap after GC invocations=3 (full 0):
 garbage-first heap   total reserved 1007616K, committed 63488K, used 11017K [0x00000000c2800000, 0x0000000100000000)
  region size 1024K, 2 young (2048K), 2 survivors (2048K)
 Metaspace       used 12819K, committed 13120K, reserved 1114112K
  class space    used 1409K, committed 1536K, reserved 1048576K
}
Event: 5.593 GC heap before
{Heap before GC invocations=3 (full 0):
 garbage-first heap   total reserved 1007616K, committed 63488K, used 38665K [0x00000000c2800000, 0x0000000100000000)
  region size 1024K, 31 young (31744K), 2 survivors (2048K)
 Metaspace       used 21103K, committed 21504K, reserved 1114112K
  class space    used 2396K, committed 2560K, reserved 1048576K
}
Event: 5.631 GC heap after
{Heap after GC invocations=4 (full 0):
 garbage-first heap   total reserved 1007616K, committed 63488K, used 16542K [0x00000000c2800000, 0x0000000100000000)
  region size 1024K, 5 young (5120K), 5 survivors (5120K)
 Metaspace       used 21103K, committed 21504K, reserved 1114112K
  class space    used 2396K, committed 2560K, reserved 1048576K
}
Event: 26.919 GC heap before
{Heap before GC invocations=5 (full 0):
 garbage-first heap   total reserved 1007616K, committed 58368K, used 42142K [0x00000000c2800000, 0x0000000100000000)
  region size 1024K, 30 young (30720K), 5 survivors (5120K)
 Metaspace       used 26921K, committed 27520K, reserved 1114112K
  class space    used 3192K, committed 3456K, reserved 1048576K
}
Event: 26.951 GC heap after
{Heap after GC invocations=6 (full 0):
 garbage-first heap   total reserved 1007616K, committed 58368K, used 22104K [0x00000000c2800000, 0x0000000100000000)
  region size 1024K, 4 young (4096K), 4 survivors (4096K)
 Metaspace       used 26921K, committed 27520K, reserved 1114112K
  class space    used 3192K, committed 3456K, reserved 1048576K
}

Dll operation events (14 events):
Event: 0.021 Loaded shared library C:\Program Files\Java\jdk-22\bin\java.dll
Event: 0.082 Loaded shared library C:\Program Files\Java\jdk-22\bin\jsvml.dll
Event: 0.317 Loaded shared library C:\Program Files\Java\jdk-22\bin\zip.dll
Event: 0.329 Loaded shared library C:\Program Files\Java\jdk-22\bin\instrument.dll
Event: 0.336 Loaded shared library C:\Program Files\Java\jdk-22\bin\net.dll
Event: 0.340 Loaded shared library C:\Program Files\Java\jdk-22\bin\nio.dll
Event: 0.348 Loaded shared library C:\Program Files\Java\jdk-22\bin\zip.dll
Event: 0.367 Loaded shared library C:\Program Files\JetBrains\IntelliJ IDEA Community Edition 2023.3.6\bin\breakgen64.dll
Event: 0.385 Loaded shared library C:\Program Files\Java\jdk-22\bin\extnet.dll
Event: 0.581 Loaded shared library C:\Program Files\Java\jdk-22\bin\verify.dll
Event: 0.592 Loaded shared library C:\Program Files\Java\jdk-22\bin\jimage.dll
Event: 2.393 Loaded shared library C:\Program Files\Java\jdk-22\bin\management.dll
Event: 2.396 Loaded shared library C:\Program Files\Java\jdk-22\bin\management_ext.dll
Event: 5.853 Loaded shared library C:\Program Files\Java\jdk-22\bin\sunmscapi.dll

Deoptimization events (20 events):
Event: 26.716 Thread 0x0000029ded3650b0 Uncommon trap: trap_request=0xffffff45 fr.pc=0x0000029d87c0b744 relative=0x0000000000000424
Event: 26.716 Thread 0x0000029ded3650b0 Uncommon trap: reason=unstable_if action=reinterpret pc=0x0000029d87c0b744 method=java.lang.Class.getTypeName()Ljava/lang/String; @ 23 c2
Event: 26.716 Thread 0x0000029ded3650b0 DEOPT PACKING pc=0x0000029d87c0b744 sp=0x000000c29a0fc6d0
Event: 26.716 Thread 0x0000029ded3650b0 DEOPT UNPACKING pc=0x0000029d875846a2 sp=0x000000c29a0fc6a8 mode 2
Event: 26.810 Thread 0x0000029ded3650b0 Uncommon trap: trap_request=0xffffffc6 fr.pc=0x0000029d87b9e6ec relative=0x00000000000008cc
Event: 26.810 Thread 0x0000029ded3650b0 Uncommon trap: reason=bimorphic_or_optimized_type_check action=maybe_recompile pc=0x0000029d87b9e6ec method=java.util.HashMap.putVal(ILjava/lang/Object;Ljava/lang/Object;ZZ)Ljava/lang/Object; @ 253 c2
Event: 26.810 Thread 0x0000029ded3650b0 DEOPT PACKING pc=0x0000029d87b9e6ec sp=0x000000c29a0fdf60
Event: 26.810 Thread 0x0000029ded3650b0 DEOPT UNPACKING pc=0x0000029d875846a2 sp=0x000000c29a0fdf30 mode 2
Event: 26.810 Thread 0x0000029ded3650b0 Uncommon trap: trap_request=0xffffffc6 fr.pc=0x0000029d87b9e6ec relative=0x00000000000008cc
Event: 26.810 Thread 0x0000029ded3650b0 Uncommon trap: reason=bimorphic_or_optimized_type_check action=maybe_recompile pc=0x0000029d87b9e6ec method=java.util.HashMap.putVal(ILjava/lang/Object;Ljava/lang/Object;ZZ)Ljava/lang/Object; @ 253 c2
Event: 26.810 Thread 0x0000029ded3650b0 DEOPT PACKING pc=0x0000029d87b9e6ec sp=0x000000c29a0fdf60
Event: 26.810 Thread 0x0000029ded3650b0 DEOPT UNPACKING pc=0x0000029d875846a2 sp=0x000000c29a0fdf30 mode 2
Event: 26.820 Thread 0x0000029ded3650b0 Uncommon trap: trap_request=0xffffffcc fr.pc=0x0000029d87c10f14 relative=0x0000000000000254
Event: 26.820 Thread 0x0000029ded3650b0 Uncommon trap: reason=intrinsic_or_type_checked_inlining action=make_not_entrant pc=0x0000029d87c10f14 method=java.util.ArrayList.toArray([Ljava/lang/Object;)[Ljava/lang/Object; @ 36 c2
Event: 26.820 Thread 0x0000029ded3650b0 DEOPT PACKING pc=0x0000029d87c10f14 sp=0x000000c29a0fd8c0
Event: 26.820 Thread 0x0000029ded3650b0 DEOPT UNPACKING pc=0x0000029d875846a2 sp=0x000000c29a0fd870 mode 2
Event: 26.885 Thread 0x0000029ded3650b0 Uncommon trap: trap_request=0xffffffdc fr.pc=0x0000029d87c12890 relative=0x00000000000002d0
Event: 26.885 Thread 0x0000029ded3650b0 Uncommon trap: reason=class_check action=make_not_entrant pc=0x0000029d87c12890 method=java.util.ArrayList.toArray([Ljava/lang/Object;)[Ljava/lang/Object; @ 21 c2
Event: 26.885 Thread 0x0000029ded3650b0 DEOPT PACKING pc=0x0000029d87c12890 sp=0x000000c29a0fda30
Event: 26.885 Thread 0x0000029ded3650b0 DEOPT UNPACKING pc=0x0000029d875846a2 sp=0x000000c29a0fda00 mode 2

Classes loaded (20 events):
Event: 26.760 Loading class jdk/internal/ValueBased
Event: 26.761 Loading class jdk/internal/ValueBased done
Event: 26.962 Loading class java/util/CollectionsBeanInfo
Event: 26.962 Loading class java/util/CollectionsBeanInfo done
Event: 26.962 Loading class java/util/CollectionsBeanInfo
Event: 26.962 Loading class java/util/CollectionsBeanInfo done
Event: 26.962 Loading class java/util/CollectionsCustomizer
Event: 26.962 Loading class java/util/CollectionsCustomizer done
Event: 26.962 Loading class java/util/CollectionsCustomizer
Event: 26.962 Loading class java/util/CollectionsCustomizer done
Event: 26.963 Loading class java/util/LinkedList$LLSpliterator
Event: 26.963 Loading class java/util/LinkedList$LLSpliterator done
Event: 27.011 Loading class java/util/Collections$UnmodifiableMapBeanInfo
Event: 27.011 Loading class java/util/Collections$UnmodifiableMapBeanInfo done
Event: 27.011 Loading class java/util/Collections$UnmodifiableMapBeanInfo
Event: 27.011 Loading class java/util/Collections$UnmodifiableMapBeanInfo done
Event: 27.011 Loading class java/util/Collections$UnmodifiableMapCustomizer
Event: 27.011 Loading class java/util/Collections$UnmodifiableMapCustomizer done
Event: 27.011 Loading class java/util/Collections$UnmodifiableMapCustomizer
Event: 27.011 Loading class java/util/Collections$UnmodifiableMapCustomizer done

Classes unloaded (1 events):
Event: 5.669 Thread 0x0000029dd011f770 Unloading class 0x0000029d90004400 'java/lang/invoke/LambdaForm$DMH+0x0000029d90004400'

Classes redefined (0 events):
No events

Internal exceptions (20 events):
Event: 26.844 Thread 0x0000029ded3650b0 Exception <a 'java/lang/ClassNotFoundException'{0x00000000c498c3f0}: io/restassured/internal/ResponseSpecificationImplBeanInfo> (0x00000000c498c3f0) 
thrown [s\open\src\hotspot\share\classfile\systemDictionary.cpp, line 313]
Event: 26.845 Thread 0x0000029ded3650b0 Exception <a 'java/lang/ClassNotFoundException'{0x00000000c498f1d8}: io/restassured/internal/ResponseSpecificationImplCustomizer> (0x00000000c498f1d8) 
thrown [s\open\src\hotspot\share\classfile\systemDictionary.cpp, line 313]
Event: 26.852 Thread 0x0000029ded3650b0 Exception <a 'java/lang/ClassNotFoundException'{0x00000000c49e2840}: org/apache/commons/lang3/ValidateBeanInfo> (0x00000000c49e2840) 
thrown [s\open\src\hotspot\share\classfile\systemDictionary.cpp, line 313]
Event: 26.853 Thread 0x0000029ded3650b0 Exception <a 'java/lang/ClassNotFoundException'{0x00000000c49e52d0}: org/apache/commons/lang3/ValidateCustomizer> (0x00000000c49e52d0) 
thrown [s\open\src\hotspot\share\classfile\systemDictionary.cpp, line 313]
Event: 26.871 Thread 0x0000029ded3650b0 Exception <a 'java/lang/ClassNotFoundException'{0x00000000c48599b8}: io/restassured/internal/TestSpecificationImplBeanInfo> (0x00000000c48599b8) 
thrown [s\open\src\hotspot\share\classfile\systemDictionary.cpp, line 313]
Event: 26.872 Thread 0x0000029ded3650b0 Exception <a 'java/lang/ClassNotFoundException'{0x00000000c485c728}: io/restassured/internal/TestSpecificationImplCustomizer> (0x00000000c485c728) 
thrown [s\open\src\hotspot\share\classfile\systemDictionary.cpp, line 313]
Event: 26.888 Thread 0x0000029ded3650b0 Exception <a 'java/lang/ClassNotFoundException'{0x00000000c48c1610}: io/restassured/internal/SpecificationMergerBeanInfo> (0x00000000c48c1610) 
thrown [s\open\src\hotspot\share\classfile\systemDictionary.cpp, line 313]
Event: 26.888 Thread 0x0000029ded3650b0 Exception <a 'java/lang/ClassNotFoundException'{0x00000000c48c4270}: io/restassured/internal/SpecificationMergerCustomizer> (0x00000000c48c4270) 
thrown [s\open\src\hotspot\share\classfile\systemDictionary.cpp, line 313]
Event: 26.907 Thread 0x0000029ded3650b0 Exception <a 'java/lang/NoSuchMethodError'{0x00000000c48df5a8}: 'void java.lang.invoke.Invokers$Holder.invokeExact_MT(java.lang.Object, java.lang.Object, int, java.lang.Object)'> (0x00000000c48df5a8) 
thrown [s\open\src\hotspot\share\interpreter\linkResolver.cpp, line 774]
Event: 26.962 Thread 0x0000029ded3650b0 Exception <a 'java/lang/ClassNotFoundException'{0x00000000c650cd38}: java/util/CollectionsBeanInfo> (0x00000000c650cd38) 
thrown [s\open\src\hotspot\share\classfile\systemDictionary.cpp, line 313]
Event: 26.962 Thread 0x0000029ded3650b0 Exception <a 'java/lang/ClassNotFoundException'{0x00000000c650df68}: java/util/CollectionsCustomizer> (0x00000000c650df68) 
thrown [s\open\src\hotspot\share\classfile\systemDictionary.cpp, line 313]
Event: 27.011 Thread 0x0000029ded3650b0 Exception <a 'java/lang/ClassNotFoundException'{0x00000000c65eb5e8}: java/util/Collections$UnmodifiableMapBeanInfo> (0x00000000c65eb5e8) 
thrown [s\open\src\hotspot\share\classfile\systemDictionary.cpp, line 313]
Event: 27.011 Thread 0x0000029ded3650b0 Exception <a 'java/lang/ClassNotFoundException'{0x00000000c65ec858}: java/util/Collections$UnmodifiableMapCustomizer> (0x00000000c65ec858) 
thrown [s\open\src\hotspot\share\classfile\systemDictionary.cpp, line 313]
Event: 27.024 Thread 0x0000029ded3650b0 Exception <a 'java/lang/ClassNotFoundException'{0x00000000c6457ef8}: io/restassured/config/SessionConfigBeanInfo> (0x00000000c6457ef8) 
thrown [s\open\src\hotspot\share\classfile\systemDictionary.cpp, line 313]
Event: 27.025 Thread 0x0000029ded3650b0 Exception <a 'java/lang/ClassNotFoundException'{0x00000000c645b1c0}: io/restassured/config/SessionConfigCustomizer> (0x00000000c645b1c0) 
thrown [s\open\src\hotspot\share\classfile\systemDictionary.cpp, line 313]
Event: 27.102 Thread 0x0000029ded3650b0 Exception <a 'java/lang/ClassNotFoundException'{0x00000000c64bfb10}: io/restassured/http/MethodBeanInfo> (0x00000000c64bfb10) 
thrown [s\open\src\hotspot\share\classfile\systemDictionary.cpp, line 313]
Event: 27.103 Thread 0x0000029ded3650b0 Exception <a 'java/lang/ClassNotFoundException'{0x00000000c64c2420}: io/restassured/http/MethodCustomizer> (0x00000000c64c2420) 
thrown [s\open\src\hotspot\share\classfile\systemDictionary.cpp, line 313]
Event: 27.105 Thread 0x0000029ded3650b0 Exception <a 'java/lang/NoSuchMethodError'{0x00000000c64c7db8}: 'java.lang.Object java.lang.invoke.DirectMethodHandle$Holder.invokeVirtual(java.lang.Object, java.lang.Object, java.lang.Object, java.lang.Object, java.lang.Object)'> (0x00000000c64c7db8) 
thrown [s\open\src\hotspot\share\interpreter\linkResolver.cpp, line 774]
Event: 27.148 Thread 0x0000029ded3650b0 Exception <a 'java/lang/ClassNotFoundException'{0x00000000c5e04eb8}: org/apache/commons/lang3/StringUtilsBeanInfo> (0x00000000c5e04eb8) 
thrown [s\open\src\hotspot\share\classfile\systemDictionary.cpp, line 313]
Event: 27.149 Thread 0x0000029ded3650b0 Exception <a 'java/lang/ClassNotFoundException'{0x00000000c5e081b0}: org/apache/commons/lang3/StringUtilsCustomizer> (0x00000000c5e081b0) 
thrown [s\open\src\hotspot\share\classfile\systemDictionary.cpp, line 313]

ZGC Phase Switch (0 events):
No events

VM Operations (20 events):
Event: 6.133 Executing VM operation: HandshakeAllThreads (Deoptimize)
Event: 6.133 Executing VM operation: HandshakeAllThreads (Deoptimize) done
Event: 7.143 Executing VM operation: Cleanup
Event: 7.143 Executing VM operation: Cleanup done
Event: 9.893 Executing VM operation: HandshakeAllThreads (Deoptimize)
Event: 9.893 Executing VM operation: HandshakeAllThreads (Deoptimize) done
Event: 9.897 Executing VM operation: HandshakeAllThreads (Deoptimize)
Event: 9.897 Executing VM operation: HandshakeAllThreads (Deoptimize) done
Event: 9.897 Executing VM operation: Cleanup
Event: 9.897 Executing VM operation: Cleanup done
Event: 10.906 Executing VM operation: Cleanup
Event: 10.906 Executing VM operation: Cleanup done
Event: 11.912 Executing VM operation: Cleanup
Event: 11.912 Executing VM operation: Cleanup done
Event: 13.925 Executing VM operation: Cleanup
Event: 13.926 Executing VM operation: Cleanup done
Event: 20.997 Executing VM operation: Cleanup
Event: 20.998 Executing VM operation: Cleanup done
Event: 26.919 Executing VM operation: G1CollectForAllocation (G1 Evacuation Pause)
Event: 26.951 Executing VM operation: G1CollectForAllocation (G1 Evacuation Pause) done

Events (20 events):
Event: 1.530 Thread 0x0000029dd09b69c0 Thread exited: 0x0000029dd09b69c0
Event: 4.181 Thread 0x0000029dd58cfb20 Thread added: 0x0000029dd58cfb20
Event: 5.158 Thread 0x0000029dd58cfb20 Thread exited: 0x0000029dd58cfb20
Event: 5.232 Thread 0x0000029dd58cfb20 Thread added: 0x0000029dd58cfb20
Event: 5.923 Thread 0x0000029dd0b8b320 Thread added: 0x0000029dd0b8b320
Event: 5.967 Thread 0x0000029dd6bede60 Thread added: 0x0000029dd6bede60
Event: 5.970 Thread 0x0000029dd6beef40 Thread added: 0x0000029dd6beef40
Event: 5.975 Thread 0x0000029dd5221150 Thread added: 0x0000029dd5221150
Event: 5.993 Thread 0x0000029dd5223220 Thread added: 0x0000029dd5223220
Event: 6.076 Thread 0x0000029dd5222b90 Thread added: 0x0000029dd5222b90
Event: 6.208 Thread 0x0000029dd5221e70 Thread added: 0x0000029dd5221e70
Event: 6.297 Thread 0x0000029dd5222500 Thread added: 0x0000029dd5222500
Event: 6.299 Thread 0x0000029dd5223f40 Thread added: 0x0000029dd5223f40
Event: 10.009 Thread 0x0000029dd52245d0 Thread added: 0x0000029dd52245d0
Event: 10.010 Thread 0x0000029dd52238b0 Thread added: 0x0000029dd52238b0
Event: 10.012 Thread 0x0000029dd52217e0 Thread added: 0x0000029dd52217e0
Event: 10.012 Thread 0x0000029dd0371ab0 Thread added: 0x0000029dd0371ab0
Event: 16.094 Thread 0x0000029dd5222b90 Thread exited: 0x0000029dd5222b90
Event: 26.875 Thread 0x0000029dd5eea540 Thread added: 0x0000029dd5eea540
Event: 26.967 Thread 0x0000029dd0b8b320 Thread exited: 0x0000029dd0b8b320


Dynamic libraries:
0x00007ff760c50000 - 0x00007ff760c60000 	C:\Program Files\Java\jdk-22\bin\java.exe
0x00007fff7df10000 - 0x00007fff7e108000 	C:\Windows\SYSTEM32\ntdll.dll
0x00007fff7c7e0000 - 0x00007fff7c89d000 	C:\Windows\System32\KERNEL32.DLL
0x00007fff7b650000 - 0x00007fff7b946000 	C:\Windows\System32\KERNELBASE.dll
0x00007fff7bb80000 - 0x00007fff7bc80000 	C:\Windows\System32\ucrtbase.dll
0x00007fff742f0000 - 0x00007fff7430b000 	C:\Program Files\Java\jdk-22\bin\VCRUNTIME140.dll
0x00007fff73fb0000 - 0x00007fff73fc7000 	C:\Program Files\Java\jdk-22\bin\jli.dll
0x00007fff7c510000 - 0x00007fff7c5c0000 	C:\Windows\System32\ADVAPI32.dll
0x00007fff7da10000 - 0x00007fff7daae000 	C:\Windows\System32\msvcrt.dll
0x00007fff7d6f0000 - 0x00007fff7d790000 	C:\Windows\System32\sechost.dll
0x00007fff7dcb0000 - 0x00007fff7ddd3000 	C:\Windows\System32\RPCRT4.dll
0x00007fff7bf10000 - 0x00007fff7bf37000 	C:\Windows\System32\bcrypt.dll
0x00007fff7bf40000 - 0x00007fff7c0df000 	C:\Windows\System32\USER32.dll
0x00007fff7bc80000 - 0x00007fff7bca2000 	C:\Windows\System32\win32u.dll
0x00007fff7dea0000 - 0x00007fff7decb000 	C:\Windows\System32\GDI32.dll
0x00007fff7ba60000 - 0x00007fff7bb77000 	C:\Windows\System32\gdi32full.dll
0x00007fff7b9c0000 - 0x00007fff7ba5d000 	C:\Windows\System32\msvcp_win.dll
0x00007fff6b030000 - 0x00007fff6b2ca000 	C:\Windows\WinSxS\amd64_microsoft.windows.common-controls_6595b64144ccf1df_6.0.19041.4355_none_60b8b9eb71f62e16\COMCTL32.dll
0x00007fff6a270000 - 0x00007fff6a27a000 	C:\Windows\SYSTEM32\VERSION.dll
0x00007fff7dc70000 - 0x00007fff7dca2000 	C:\Windows\System32\IMM32.DLL
0x00007fff78410000 - 0x00007fff7841c000 	C:\Program Files\Java\jdk-22\bin\vcruntime140_1.dll
0x00007fff72cb0000 - 0x00007fff72d3e000 	C:\Program Files\Java\jdk-22\bin\msvcp140.dll
0x00007fff46460000 - 0x00007fff471a8000 	C:\Program Files\Java\jdk-22\bin\server\jvm.dll
0x00007fff7d790000 - 0x00007fff7d7fb000 	C:\Windows\System32\WS2_32.dll
0x00007fff7b410000 - 0x00007fff7b45b000 	C:\Windows\SYSTEM32\POWRPROF.dll
0x00007fff64cf0000 - 0x00007fff64d17000 	C:\Windows\SYSTEM32\WINMM.dll
0x00007fff7b3f0000 - 0x00007fff7b402000 	C:\Windows\SYSTEM32\UMPDC.dll
0x00007fff79e00000 - 0x00007fff79e12000 	C:\Windows\SYSTEM32\kernel.appcore.dll
0x00007fff76410000 - 0x00007fff7641a000 	C:\Program Files\Java\jdk-22\bin\jimage.dll
0x00007fff79aa0000 - 0x00007fff79c84000 	C:\Windows\SYSTEM32\DBGHELP.DLL
0x00007fff5bfa0000 - 0x00007fff5bfd4000 	C:\Windows\SYSTEM32\dbgcore.DLL
0x00007fff7b5c0000 - 0x00007fff7b642000 	C:\Windows\System32\bcryptPrimitives.dll
0x00007fff73f60000 - 0x00007fff73f6f000 	C:\Program Files\Java\jdk-22\bin\instrument.dll
0x00007fff72f20000 - 0x00007fff72f3e000 	C:\Program Files\Java\jdk-22\bin\java.dll
0x00007fff7cf80000 - 0x00007fff7d6eb000 	C:\Windows\System32\SHELL32.dll
0x00007fff7c5d0000 - 0x00007fff7c6fb000 	C:\Windows\System32\ole32.dll
0x00007fff7c1b0000 - 0x00007fff7c503000 	C:\Windows\System32\combase.dll
0x00007fff79230000 - 0x00007fff799cd000 	C:\Windows\SYSTEM32\windows.storage.dll
0x00007fff7af10000 - 0x00007fff7af3e000 	C:\Windows\SYSTEM32\Wldp.dll
0x00007fff7c0e0000 - 0x00007fff7c1ad000 	C:\Windows\System32\OLEAUT32.dll
0x00007fff7dad0000 - 0x00007fff7db7d000 	C:\Windows\System32\SHCORE.dll
0x00007fff7db80000 - 0x00007fff7dbd5000 	C:\Windows\System32\shlwapi.dll
0x00007fff7b4f0000 - 0x00007fff7b514000 	C:\Windows\SYSTEM32\profapi.dll
0x00007fff54b70000 - 0x00007fff54c47000 	C:\Program Files\Java\jdk-22\bin\jsvml.dll
0x00007fff72da0000 - 0x00007fff72db7000 	C:\Program Files\Java\jdk-22\bin\zip.dll
0x00007fff76310000 - 0x00007fff76320000 	C:\Program Files\Java\jdk-22\bin\net.dll
0x00007fff7ac70000 - 0x00007fff7acda000 	C:\Windows\system32\mswsock.dll
0x00007fff72dc0000 - 0x00007fff72dd6000 	C:\Program Files\Java\jdk-22\bin\nio.dll
0x00007fff72d80000 - 0x00007fff72d9a000 	C:\Program Files\JetBrains\IntelliJ IDEA Community Edition 2023.3.6\bin\breakgen64.dll
0x00007fff72ef0000 - 0x00007fff72ef9000 	C:\Program Files\Java\jdk-22\bin\extnet.dll
0x00007fff72d70000 - 0x00007fff72d80000 	C:\Program Files\Java\jdk-22\bin\verify.dll
0x00007fff7ae60000 - 0x00007fff7ae78000 	C:\Windows\SYSTEM32\CRYPTSP.dll
0x00007fff7a590000 - 0x00007fff7a5c4000 	C:\Windows\system32\rsaenh.dll
0x00007fff7b460000 - 0x00007fff7b48e000 	C:\Windows\SYSTEM32\USERENV.dll
0x00007fff7ae80000 - 0x00007fff7ae8c000 	C:\Windows\SYSTEM32\CRYPTBASE.dll
0x00007fff7a950000 - 0x00007fff7a98b000 	C:\Windows\SYSTEM32\IPHLPAPI.DLL
0x00007fff7d920000 - 0x00007fff7d928000 	C:\Windows\System32\NSI.dll
0x00007fff5c320000 - 0x00007fff5c337000 	C:\Windows\system32\napinsp.dll
0x00007fff5c300000 - 0x00007fff5c31b000 	C:\Windows\system32\pnrpnsp.dll
0x00007fff75a80000 - 0x00007fff75a95000 	C:\Windows\system32\wshbth.dll
0x00007fff762d0000 - 0x00007fff762ed000 	C:\Windows\system32\NLAapi.dll
0x00007fff7a990000 - 0x00007fff7aa5b000 	C:\Windows\SYSTEM32\DNSAPI.dll
0x00007fff5c2e0000 - 0x00007fff5c2f2000 	C:\Windows\System32\winrnr.dll
0x00007fff6a250000 - 0x00007fff6a25a000 	C:\Windows\System32\rasadhlp.dll
0x00007fff6a4f0000 - 0x00007fff6a570000 	C:\Windows\System32\fwpuclnt.dll
0x00007fff72d60000 - 0x00007fff72d6a000 	C:\Program Files\Java\jdk-22\bin\management.dll
0x00007fff72ca0000 - 0x00007fff72cab000 	C:\Program Files\Java\jdk-22\bin\management_ext.dll
0x00007fff7c5c0000 - 0x00007fff7c5c8000 	C:\Windows\System32\PSAPI.DLL
0x00007fff72c90000 - 0x00007fff72c9e000 	C:\Program Files\Java\jdk-22\bin\sunmscapi.dll
0x00007fff7bcb0000 - 0x00007fff7be0e000 	C:\Windows\System32\CRYPT32.dll
0x00007fff7af80000 - 0x00007fff7afa9000 	C:\Windows\SYSTEM32\ncrypt.dll
0x00007fff7af40000 - 0x00007fff7af7b000 	C:\Windows\SYSTEM32\NTASN1.dll
0x00007fff59940000 - 0x00007fff59947000 	C:\Windows\system32\wshunix.dll

dbghelp: loaded successfully - version: 4.0.5 - missing functions: none
symbol engine: initialized successfully - sym options: 0x614 - pdb path: .;C:\Program Files\Java\jdk-22\bin;C:\Windows\SYSTEM32;C:\Windows\WinSxS\amd64_microsoft.windows.common-controls_6595b64144ccf1df_6.0.19041.4355_none_60b8b9eb71f62e16;C:\Program Files\Java\jdk-22\bin\server;C:\Program Files\JetBrains\IntelliJ IDEA Community Edition 2023.3.6\bin

VM Arguments:
jvm_args: -ea -Duser.language=en -Didea.test.cyclic.buffer.size=1048576 -javaagent:C:\Program Files\JetBrains\IntelliJ IDEA Community Edition 2023.3.6\lib\idea_rt.jar=60680:C:\Program Files\JetBrains\IntelliJ IDEA Community Edition 2023.3.6\bin -Dfile.encoding=UTF-8 -Dsun.stdout.encoding=UTF-8 -Dsun.stderr.encoding=UTF-8 
java_command: com.intellij.rt.testng.RemoteTestNGStarter -usedefaultlisteners false -socket60679 @w@C:\Users\aaa92\AppData\Local\Temp\idea_working_dirs_testng.tmp -temp C:\Users\aaa92\AppData\Local\Temp\idea_testng.tmp
java_class_path (initial): C:\Program Files\JetBrains\IntelliJ IDEA Community Edition 2023.3.6\lib\idea_rt.jar;C:\Program Files\JetBrains\IntelliJ IDEA Community Edition 2023.3.6\plugins\testng\lib\testng-rt.jar;C:\Users\aaa92\IdeaProjects\SDA_Capstone1_Project_2024_API\target\test-classes;C:\Users\aaa92\.m2\repository\io\rest-assured\rest-assured\5.3.0\rest-assured-5.3.0.jar;C:\Users\aaa92\.m2\repository\org\apache\groovy\groovy\4.0.6\groovy-4.0.6.jar;C:\Users\aaa92\.m2\repository\org\apache\groovy\groovy-xml\4.0.6\groovy-xml-4.0.6.jar;C:\Users\aaa92\.m2\repository\org\apache\httpcomponents\httpclient\4.5.13\httpclient-4.5.13.jar;C:\Users\aaa92\.m2\repository\org\apache\httpcomponents\httpcore\4.4.13\httpcore-4.4.13.jar;C:\Users\aaa92\.m2\repository\commons-logging\commons-logging\1.2\commons-logging-1.2.jar;C:\Users\aaa92\.m2\repository\commons-codec\commons-codec\1.11\commons-codec-1.11.jar;C:\Users\aaa92\.m2\repository\org\apache\httpcomponents\httpmime\4.5.13\httpmime-4.5.13.jar;C:\Users\aaa92\.m2\repository\org\hamcrest\hamcrest\2.1\hamcrest-2.1.jar;C:\Users\aaa92\.m2\repository\org\ccil\cowan\tagsoup\tagsoup\1.2.1\tagsoup-1.2.1.jar;C:\Users\aaa92\.m2\repository\io\rest-assured\json-path\5.3.0\json-path-5.3.0.jar;C:\Users\aaa92\.m2\repository\org\apache\groovy\groovy-json\4.0.6\groovy-json-4.0.6.jar;C:\Users\aaa92\.m2\repository\io\rest-assured\rest-assured-common\5.3.0\rest-assured-common-5.3.0.jar;C:\Users\aaa92\.m2\repository\io\rest-assured\xml-path\5.3.0\xml-path-5.3.0.jar;C:\Users\aaa92\.m2\repository\com\github\javafaker\javafaker\1.0.2\javafaker-1.0.2.jar;C:\Users\aaa92\.m2\repository\org\apache\commons\commons-lang3\3.5\commons-lang3-3.5.jar;C:\Users\aaa92\.m2\repository\org\yaml\snakeyaml\1.23\snakeyaml-1.23-android.jar;C:\Users\aaa92\.m2\repository\com\github\mifmif\generex\1.0.2\generex-1.0.2.jar;C:\Users\aaa92\.m2\repository\dk\brics\automaton\automaton\1.11-8\automaton-1.11-8.jar;C:\Users\aaa92\.m2\repository\com\fasterxml\jackson\core\jackson-databind\2.16.1\jackson-databind-2.16.1.jar;C:\Users\aaa92\.m2\repository\com\fasterxml\jackson\core\jackson-annotations\2.16.1\jackson-annotations-2.16.1.jar;C:\Users\aaa92\.m2\repository\com\fasterxml\jackson\core\jackson-core\2.16.1\jackson-core-2.16.1.jar;C:\Users\aaa92\.m2\repository\org\seleniumhq\selenium\selenium-java\4.18.1\selenium-java-4.18.1.jar;C:\Users\aaa92\.m2\repository\org\seleniumhq\selenium\selenium-api\4.18.1\selenium-api-4.18.1.jar;C:\Users\aaa92\.m2\repository\org\seleniumhq\selenium\selenium-chrome-driver\4.18.1\selenium-chrome-driver-4.18.1.jar;C:\Users\aaa92\.m2\repository\com\google\auto\service\auto-service-annotations\1.1.1\auto-service-annotations-1.1.1.jar;C:\Users\aaa92\.m2\repository\org\seleniumhq\selenium\selenium-chromium-driver\4.18.1\selenium-chromium-driver-4.18.1.jar;C:\Users\aaa92\.m2\repository\org\seleniumhq\selenium\selenium-json\4.18.1\selenium-json-4.18.1.jar;C:\Users\aaa92\.m2\repository\org\seleniumhq\selenium\selenium-manager\4.18.1\selenium-manager-4.18.1.jar;C:\Users\aaa92\.m2\repository\org\seleniumhq\selenium\selenium-devtools-v120\4.18.1\selenium-devtools-v120-4.18.1.jar;C:\Users\aaa92\.m2\repository\org\seleniumhq\selenium\selenium-devtools-v121\4.18.1\selenium-devtools-v121-4.18.1.jar;C:\Users\aaa92\.m2\repository\org\seleniumhq\selenium\selenium-devtools-v122\4.18.1\selenium-devtools-v122-4.18.1.jar;C:\Users\aaa92\.m2\repository\org\seleniumhq\selenium\selenium-devtools-v85\4.18.1\selenium-devtools-v85-4.18.1.jar;C:\Users\aaa92\.m2\repository\org\seleniumhq\selenium\selenium-edge-driver\4.18.1\selenium-edge-driver-4.18.1.jar;C:\Users\aaa92\.m2\repository\org\seleniumhq\selenium\selenium-firefox-driver\4.18.1\selenium-firefox-driver-4.18.1.jar;C:\Users\aaa92\.m2\repository\org\seleniumhq\selenium\selenium-http\4.18.1\selenium-http-4.18.1.jar;C:\Users\aaa92\.m2\repository\dev\failsafe\failsafe\3.3.2\failsafe-3.3.2.jar;C:\Users\aaa92\.m2\repository\org\seleniumhq\selenium\selenium-ie-driver\4.18.1\selenium-ie-driver-4.18.1.jar;C:\Users\aaa92\.m2\repository\org\seleniumhq\selenium\selenium-remote-driver\4.18.1\selenium-remote-driver-4.18.1.jar;C:\Users\aaa92\.m2\repository\com\google\guava\guava\33.0.0-jre\guava-33.0.0-jre.jar;C:\Users\aaa92\.m2\repository\com\google\guava\failureaccess\1.0.2\failureaccess-1.0.2.jar;C:\Users\aaa92\.m2\repository\com\google\guava\listenablefuture\9999.0-empty-to-avoid-conflict-with-guava\listenablefuture-9999.0-empty-to-avoid-conflict-with-guava.jar;C:\Users\aaa92\.m2\repository\com\google\code\findbugs\jsr305\3.0.2\jsr305-3.0.2.jar;C:\Users\aaa92\.m2\repository\org\checkerframework\checker-qual\3.41.0\checker-qual-3.41.0.jar;C:\Users\aaa92\.m2\repository\com\google\errorprone\error_prone_annotations\2.23.0\error_prone_annotations-2.23.0.jar;C:\Users\aaa92\.m2\repository\com\google\j2objc\j2objc-annotations\2.8\j2objc-annotations-2.8.jar;C:\Users\aaa92\.m2\repository\io\opentelemetry\semconv\opentelemetry-semconv\1.23.1-alpha\opentelemetry-semconv-1.23.1-alpha.jar;C:\Users\aaa92\.m2\repository\io\opentelemetry\opentelemetry-api\1.35.0\opentelemetry-api-1.35.0.jar;C:\Users\aaa92\.m2\repository\io\opentelemetry\opentelemetry-context\1.35.0\opentelemetry-context-1.35.0.jar;C:\Users\aaa92\.m2\repository\io\opentelemetry\opentelemetry-exporter-logging\1.35.0\opentelemetry-exporter-logging-1.35.0.jar;C:\Users\aaa92\.m2\repository\io\opentelemetry\opentelemetry-sdk-common\1.35.0\opentelemetry-sdk-common-1.35.0.jar;C:\Users\aaa92\.m2\repository\io\opentelemetry\opentelemetry-sdk-extension-autoconfigure-spi\1.35.0\opentelemetry-sdk-extension-autoconfigure-spi-1.35.0.jar;C:\Users\aaa92\.m2\repository\io\opentelemetry\opentelemetry-sdk-extension-autoconfigure\1.35.0\opentelemetry-sdk-extension-autoconfigure-1.35.0.jar;C:\Users\aaa92\.m2\repository\io\opentelemetry\opentelemetry-api-events\1.35.0-alpha\opentelemetry-api-events-1.35.0-alpha.jar;C:\Users\aaa92\.m2\repository\io\opentelemetry\opentelemetry-sdk-trace\1.35.0\opentelemetry-sdk-trace-1.35.0.jar;C:\Users\aaa92\.m2\repository\io\opentelemetry\opentelemetry-extension-incubator\1.35.0-alpha\opentelemetry-extension-incubator-1.35.0-alpha.jar;C:\Users\aaa92\.m2\repository\io\opentelemetry\opentelemetry-sdk\1.35.0\opentelemetry-sdk-1.35.0.jar;C:\Users\aaa92\.m2\repository\io\opentelemetry\opentelemetry-sdk-metrics\1.35.0\opentelemetry-sdk-metrics-1.35.0.jar;C:\Users\aaa92\.m2\repository\io\opentelemetry\opentelemetry-sdk-logs\1.35.0\opentelemetry-sdk-logs-1.35.0.jar;C:\Users\aaa92\.m2\repository\net\bytebuddy\byte-buddy\1.14.12\byte-buddy-1.14.12.jar;C:\Users\aaa92\.m2\repository\org\seleniumhq\selenium\selenium-os\4.18.1\selenium-os-4.18.1.jar;C:\Users\aaa92\.m2\repository\org\apache\commons\commons-exec\1.3\commons-exec-1.3.jar;C:\Users\aaa92\.m2\repository\org\seleniumhq\selenium\selenium-safari-driver\4.18.1\selenium-safari-driver-4.18.1.jar;C:\Users\aaa92\.m2\repository\org\seleniumhq\selenium\selenium-support\4.18.1\selenium-support-4.18.1.jar;C:\Users\aaa92\.m2\repository\org\testng\testng\7.10.1\testng-7.10.1.jar;C:\Users\aaa92\.m2\repository\org\slf4j\slf4j-api\1.7.36\slf4j-api-1.7.36.jar;C:\Users\aaa92\.m2\repository\com\beust\jcommander\1.82\jcommander-1.82.jar;C:\Users\aaa92\.m2\repository\org\webjars\jquery\3.7.1\jquery-3.7.1.jar;C:\Users\aaa92\.m2\repository\tech\grasshopper\extentreports-cucumber7-adapter\1.6.0\extentreports-cucumber7-adapter-1.6.0.jar;C:\Users\aaa92\.m2\repository\tech\grasshopper\extent-pdf-report\2.6.0\extent-pdf-report-2.6.0.jar;C:\Users\aaa92\.m2\repository\tech\grasshopper\cucumber-pdf-report\2.9.0\cucumber-pdf-report-2.9.0.jar;C:\Users\aaa92\.m2\repository\org\apache\pdfbox\pdfbox\2.0.26\pdfbox-2.0.26.jar;C:\Users\aaa92\.m2\repository\org\apache\pdfbox\fontbox\2.0.26\fontbox-2.0.26.jar;C:\Users\aaa92\.m2\repository\org\knowm\xchart\xchart\3.8.0\xchart-3.8.0.jar;C:\Users\aaa92\.m2\repository\de\erichseifert\vectorgraphics2d\VectorGraphics2D\0.13\VectorGraphics2D-0.13.jar;C:\Users\aaa92\.m2\repository\de\rototor\pdfbox\graphics2d\0.30\graphics2d-0.30.jar;C:\Users\aaa92\.m2\repository\com\madgag\animated-gif-lib\1.4\animated-gif-lib-1.4.jar;C:\Users\aaa92\.m2\repository\org\yaml\snakeyaml\1.28\snakeyaml-1.28.jar;C:\Users\aaa92\.m2\repository\tech\grasshopper\table-layout\1.5.1\table-layout-1.5.1.jar;C:\Users\aaa92\.m2\repository\tech\grasshopper\rest-assured-cucumber-pdf-report\1.4.1\rest-assured-cucumber-pdf-report-1.4.1.jar;C:\Users\aaa92\.m2\repository\org\jsoup\jsoup\1.14.3\jsoup-1.14.3.jar;C:\Users\aaa92\.m2\repository\com\aventstack\klov-reporter\5.0.9\klov-reporter-5.0.9.jar;C:\Users\aaa92\.m2\repository\org\mongodb\mongodb-driver\3.6.4\mongodb-driver-3.6.4.jar;C:\Users\aaa92\.m2\repository\org\mongodb\mongodb-driver-core\3.6.4\mongodb-driver-core-3.6.4.jar;C:\Users\aaa92\.m2\repository\org\mongodb\bson\3.6.4\bson-3.6.4.jar;C:\Users\aaa92\.m2\repository\tech\grasshopper\htmlextentreporter\1.0.1\htmlextentreporter-1.0.1.jar;C:\Users\aaa92\.m2\repository\io\cucumber\cucumber-java\7.2.3\cucumber-java-7.2.3.jar;C:\Users\aaa92\.m2\repository\io\cucumber\cucumber-core\7.2.3\cucumber-core-7.2.3.jar;C:\Users\aaa92\.m2\repository\io\cucumber\cucumber-gherkin\7.2.3\cucumber-gherkin-7.2.3.jar;C:\Users\aaa92\.m2\repository\io\cucumber\cucumber-gherkin-messages\7.2.3\cucumber-gherkin-messages-7.2.3.jar;C:\Users\aaa92\.m2\repository\io\cucumber\messages\17.1.1\messages-17.1.1.jar;C:\Users\aaa92\.m2\repository\io\cucumber\tag-expressions\4.1.0\tag-expressions-4.1.0.jar;C:\Users\aaa92\.m2\repository\io\cucumber\cucumber-expressions\15.0.1\cucumber-expressions-15.0.1.jar;C:\Users\aaa92\.m2\repository\io\cucumber\datatable\7.2.3\datatable-7.2.3.jar;C:\Users\aaa92\.m2\repository\io\cucumber\cucumber-plugin\7.2.3\cucumber-plugin-7.2.3.jar;C:\Users\aaa92\.m2\repository\io\cucumber\docstring\7.2.3\docstring-7.2.3.jar;C:\Users\aaa92\.m2\repository\io\cucumber\html-formatter\17.0.0\html-formatter-17.0.0.jar;C:\Users\aaa92\.m2\repository\io\cucumber\ci-environment\8.1.0\ci-environment-8.1.0.jar;C:\Users\aaa92\.m2\repository\org\apiguardian\apiguardian-api\1.1.2\apiguardian-api-1.1.2.jar;C:\Users\aaa92\.m2\repository\org\projectlombok\lombok\1.18.32\lombok-1.18.32.jar;C:\Users\aaa92\.m2\repository\com\aventstack\extentreports\5.1.1\extentreports-5.1.1.jar;C:\Users\aaa92\.m2\repository\io\reactivex\rxjava3\rxjava\3.1.6\rxjava-3.1.6.jar;C:\Users\aaa92\.m2\repository\org\reactivestreams\reactive-streams\1.0.4\reactive-streams-1.0.4.jar;C:\Users\aaa92\.m2\repository\org\freemarker\freemarker\2.3.32\freemarker-2.3.32.jar;C:\Users\aaa92\.m2\repository\com\google\code\gson\gson\2.10.1\gson-2.10.1.jar;C:\Users\aaa92\.m2\repository\org\apache\poi\poi-ooxml\5.2.5\poi-ooxml-5.2.5.jar;C:\Users\aaa92\.m2\repository\org\apache\poi\poi\5.2.5\poi-5.2.5.jar;C:\Users\aaa92\.m2\repository\org\apache\commons\commons-math3\3.6.1\commons-math3-3.6.1.jar;C:\Users\aaa92\.m2\repository\com\zaxxer\SparseBitSet\1.3\SparseBitSet-1.3.jar;C:\Users\aaa92\.m2\repository\org\apache\poi\poi-ooxml-lite\5.2.5\poi-ooxml-lite-5.2.5.jar;C:\Users\aaa92\.m2\repository\org\apache\xmlbeans\xmlbeans\5.2.0\xmlbeans-5.2.0.jar;C:\Users\aaa92\.m2\repository\org\apache\commons\commons-compress\1.25.0\commons-compress-1.25.0.jar;C:\Users\aaa92\.m2\repository\commons-io\commons-io\2.15.0\commons-io-2.15.0.jar;C:\Users\aaa92\.m2\repository\com\github\virtuald\curvesapi\1.08\curvesapi-1.08.jar;C:\Users\aaa92\.m2\repository\org\apache\logging\log4j\log4j-api\2.21.1\log4j-api-2.21.1.jar;C:\Users\aaa92\.m2\repository\org\apache\commons\commons-collections4\4.4\commons-collections4-4.4.jar;C:\Users\aaa92\.m2\repository\io\qameta\allure\allure-testng\2.25.0\allure-testng-2.25.0.jar;C:\Users\aaa92\.m2\repository\io\qameta\allure\allure-java-commons\2.25.0\allure-java-commons-2.25.0.jar;C:\Users\aaa92\.m2\repository\io\qameta\allure\allure-model\2.25.0\allure-model-2.25.0.jar;C:\Users\aaa92\.m2\repository\io\qameta\allure\allure-test-filter\2.25.0\allure-test-filter-2.25.0.jar
Launcher Type: SUN_STANDARD

[Global flags]
     intx CICompilerCount                          = 3                                         {product} {ergonomic}
     uint ConcGCThreads                            = 1                                         {product} {ergonomic}
     uint G1ConcRefinementThreads                  = 4                                         {product} {ergonomic}
   size_t G1HeapRegionSize                         = 1048576                                   {product} {ergonomic}
   size_t InitialHeapSize                          = 65011712                                  {product} {ergonomic}
   size_t MarkStackSize                            = 4194304                                   {product} {ergonomic}
   size_t MaxHeapSize                              = 1031798784                                {product} {ergonomic}
   size_t MaxNewSize                               = 618659840                                 {product} {ergonomic}
   size_t MinHeapDeltaBytes                        = 1048576                                   {product} {ergonomic}
   size_t MinHeapSize                              = 8388608                                   {product} {ergonomic}
    uintx NonNMethodCodeHeapSize                   = 5832780                                {pd product} {ergonomic}
    uintx NonProfiledCodeHeapSize                  = 122912730                              {pd product} {ergonomic}
    uintx ProfiledCodeHeapSize                     = 122912730                              {pd product} {ergonomic}
    uintx ReservedCodeCacheSize                    = 251658240                              {pd product} {ergonomic}
     bool SegmentedCodeCache                       = true                                      {product} {ergonomic}
   size_t SoftMaxHeapSize                          = 1031798784                             {manageable} {ergonomic}
     bool UseCompressedOops                        = true                           {product lp64_product} {ergonomic}
     bool UseG1GC                                  = true                                      {product} {ergonomic}
     bool UseLargePagesIndividualAllocation        = false                                  {pd product} {ergonomic}

Logging:
Log output configuration:
 #0: stdout all=warning uptime,level,tags foldmultilines=false
 #1: stderr all=off uptime,level,tags foldmultilines=false

Environment Variables:
JAVA_HOME=C:\Program Files\Java\jdk-21
PATH=C:\Program Files\Common Files\Oracle\Java\javapath;C:\Program Files (x86)\Intel\iCLS Client\;C:\Program Files\Intel\iCLS Client\;C:\Windows\system32;C:\Windows;C:\Windows\System32\Wbem;C:\Windows\System32\WindowsPowerShell\v1.0\;C:\Program Files (x86)\Intel\Intel(R) Management Engine Components\DAL;C:\Program Files\Intel\Intel(R) Management Engine Components\DAL;C:\Program Files (x86)\Intel\Intel(R) Management Engine Components\IPT;C:\Program Files\Intel\Intel(R) Management Engine Components\IPT;C:\Program Files\Intel\WiFi\bin\;C:\Program Files\Common Files\Intel\WirelessCommon\;C:\Windows\System32\OpenSSH\;C:\Program Files\Git\cmd;C:\Users\aaa92\scoop\shims;C:\Users\aaa92\AppData\Local\Microsoft\WindowsApps;C:\Program Files\Java\jdk-22\bin;C:\Program Files\apache-maven-3.9.6\bin;C:\Program Files\Java\jdk-21\bin;
USERNAME=aaa92
OS=Windows_NT
PROCESSOR_IDENTIFIER=Intel64 Family 6 Model 142 Stepping 9, GenuineIntel
TMP=C:\Users\aaa92\AppData\Local\Temp
TEMP=C:\Users\aaa92\AppData\Local\Temp




Periodic native trim disabled

---------------  S Y S T E M  ---------------

OS:
 Windows 10 , 64 bit Build 19041 (10.0.19041.3636)
OS uptime: 0 days 23:58 hours

CPU: total 4 (initial active 4) (2 cores per cpu, 2 threads per core) family 6 model 142 stepping 9 microcode 0xb4, cx8, cmov, fxsr, ht, mmx, 3dnowpref, sse, sse2, sse3, ssse3, sse4.1, sse4.2, popcnt, lzcnt, tsc, tscinvbit, avx, avx2, aes, erms, clmul, bmi1, bmi2, adx, fma, vzeroupper, clflush, clflushopt, rdtscp, f16c
Processor Information for all 4 processors :
  Max Mhz: 1608, Current Mhz: 1005, Mhz Limit: 996

Memory: 4k page, system-wide physical 3930M (1020M free)
TotalPageFile size 10330M (AvailPageFile size 25M)
current process WorkingSet (physical memory assigned to process): 147M, peak: 147M
current process commit charge ("private bytes"): 199M, peak: 200M

vm_info: Java HotSpot(TM) 64-Bit Server VM (22+36-2370) for windows-amd64 JRE (22+36-2370), built on 2024-02-15T22:15:19Z by "mach5one" with MS VC++ 17.6 (VS2022)

END.
